  WanderSteering.cpp
d:\users\ahubb\sourcetreerepos\assigment4\assigment 3\gameai\pathfinding\game\component steering sdl\wandersteering.cpp(9): warning C4305: 'initializing': truncation from 'double' to 'float'
  WanderAndChase.cpp
  UnitManager.cpp
  Unit.cpp
  SteeringComponent.cpp
d:\users\ahubb\sourcetreerepos\assigment4\assigment 3\gameai\pathfinding\game\component steering sdl\seperation.h(11): warning C4244: 'return': conversion from 'float' to 'int', possible loss of data
d:\users\ahubb\sourcetreerepos\assigment4\assigment 3\gameai\pathfinding\game\component steering sdl\seperation.h(12): warning C4244: '=': conversion from 'int' to 'float', possible loss of data
d:\users\ahubb\sourcetreerepos\assigment4\assigment 3\gameai\pathfinding\game\component steering sdl\cohesion.h(12): warning C4244: 'return': conversion from 'float' to 'int', possible loss of data
d:\users\ahubb\sourcetreerepos\assigment4\assigment 3\gameai\pathfinding\game\component steering sdl\cohesion.h(13): warning C4244: '=': conversion from 'int' to 'float', possible loss of data
d:\users\ahubb\sourcetreerepos\assigment4\assigment 3\gameai\pathfinding\game\component steering sdl\flocksteering.h(59): warning C4305: 'initializing': truncation from 'double' to 'float'
d:\users\ahubb\sourcetreerepos\assigment4\assigment 3\gameai\pathfinding\game\component steering sdl\flocksteering.h(61): warning C4305: 'initializing': truncation from 'double' to 'float'
d:\users\ahubb\sourcetreerepos\assigment4\assigment 3\gameai\pathfinding\game\component steering sdl\flocksteering.h(62): warning C4305: 'initializing': truncation from 'double' to 'float'
  Steering.cpp
  SpriteManager.cpp
  Sprite.cpp
  SpawnRandomEnemyMessage.cpp
  Seperation.cpp
d:\users\ahubb\sourcetreerepos\assigment4\assigment 3\gameai\pathfinding\game\component steering sdl\seperation.h(11): warning C4244: 'return': conversion from 'float' to 'int', possible loss of data
d:\users\ahubb\sourcetreerepos\assigment4\assigment 3\gameai\pathfinding\game\component steering sdl\seperation.h(12): warning C4244: '=': conversion from 'int' to 'float', possible loss of data
  SeekSteering.cpp
  Arrive.cpp
d:\users\ahubb\sourcetreerepos\assigment4\assigment 3\gameai\pathfinding\game\component steering sdl\arrive.cpp(86): warning C4305: 'argument': truncation from 'double' to 'float'
  Renderer.cpp
  PositionComponent.cpp
  PlayerMoveToMessage.cpp
  PhysicsComponent.cpp
  main.cpp
  HandleValues.cpp
d:\users\ahubb\sourcetreerepos\assigment4\assigment 3\gameai\pathfinding\game\component steering sdl\seperation.h(11): warning C4244: 'return': conversion from 'float' to 'int', possible loss of data
d:\users\ahubb\sourcetreerepos\assigment4\assigment 3\gameai\pathfinding\game\component steering sdl\seperation.h(12): warning C4244: '=': conversion from 'int' to 'float', possible loss of data
d:\users\ahubb\sourcetreerepos\assigment4\assigment 3\gameai\pathfinding\game\component steering sdl\cohesion.h(12): warning C4244: 'return': conversion from 'float' to 'int', possible loss of data
d:\users\ahubb\sourcetreerepos\assigment4\assigment 3\gameai\pathfinding\game\component steering sdl\cohesion.h(13): warning C4244: '=': conversion from 'int' to 'float', possible loss of data
d:\users\ahubb\sourcetreerepos\assigment4\assigment 3\gameai\pathfinding\game\component steering sdl\flocksteering.h(59): warning C4305: 'initializing': truncation from 'double' to 'float'
d:\users\ahubb\sourcetreerepos\assigment4\assigment 3\gameai\pathfinding\game\component steering sdl\flocksteering.h(61): warning C4305: 'initializing': truncation from 'double' to 'float'
d:\users\ahubb\sourcetreerepos\assigment4\assigment 3\gameai\pathfinding\game\component steering sdl\flocksteering.h(62): warning C4305: 'initializing': truncation from 'double' to 'float'
d:\users\ahubb\sourcetreerepos\assigment4\assigment 3\gameai\pathfinding\game\component steering sdl\handlevalues.cpp(94): warning C4244: 'argument': conversion from 'float' to 'int', possible loss of data
d:\users\ahubb\sourcetreerepos\assigment4\assigment 3\gameai\pathfinding\game\component steering sdl\handlevalues.cpp(100): warning C4244: 'argument': conversion from 'float' to 'int', possible loss of data
d:\users\ahubb\sourcetreerepos\assigment4\assigment 3\gameai\pathfinding\game\component steering sdl\handlevalues.cpp(106): warning C4244: 'argument': conversion from 'float' to 'int', possible loss of data
  InputSystem.cpp
d:\users\ahubb\sourcetreerepos\assigment4\assigment 3\gameai\pathfinding\game\component steering sdl\seperation.h(11): warning C4244: 'return': conversion from 'float' to 'int', possible loss of data
d:\users\ahubb\sourcetreerepos\assigment4\assigment 3\gameai\pathfinding\game\component steering sdl\seperation.h(12): warning C4244: '=': conversion from 'int' to 'float', possible loss of data
d:\users\ahubb\sourcetreerepos\assigment4\assigment 3\gameai\pathfinding\game\component steering sdl\cohesion.h(12): warning C4244: 'return': conversion from 'float' to 'int', possible loss of data
d:\users\ahubb\sourcetreerepos\assigment4\assigment 3\gameai\pathfinding\game\component steering sdl\cohesion.h(13): warning C4244: '=': conversion from 'int' to 'float', possible loss of data
d:\users\ahubb\sourcetreerepos\assigment4\assigment 3\gameai\pathfinding\game\component steering sdl\flocksteering.h(59): warning C4305: 'initializing': truncation from 'double' to 'float'
d:\users\ahubb\sourcetreerepos\assigment4\assigment 3\gameai\pathfinding\game\component steering sdl\flocksteering.h(61): warning C4305: 'initializing': truncation from 'double' to 'float'
d:\users\ahubb\sourcetreerepos\assigment4\assigment 3\gameai\pathfinding\game\component steering sdl\flocksteering.h(62): warning C4305: 'initializing': truncation from 'double' to 'float'
  GraphicsSystem.cpp
  Generating Code...
  Compiling...
  GraphicsBufferManager.cpp
  GraphicsBuffer.cpp
  GameMessageManager.cpp
  GameMessage.cpp
  Game.cpp
d:\users\ahubb\sourcetreerepos\assigment4\assigment 3\gameai\pathfinding\game\component steering sdl\seperation.h(11): warning C4244: 'return': conversion from 'float' to 'int', possible loss of data
d:\users\ahubb\sourcetreerepos\assigment4\assigment 3\gameai\pathfinding\game\component steering sdl\seperation.h(12): warning C4244: '=': conversion from 'int' to 'float', possible loss of data
d:\users\ahubb\sourcetreerepos\assigment4\assigment 3\gameai\pathfinding\game\component steering sdl\cohesion.h(12): warning C4244: 'return': conversion from 'float' to 'int', possible loss of data
d:\users\ahubb\sourcetreerepos\assigment4\assigment 3\gameai\pathfinding\game\component steering sdl\cohesion.h(13): warning C4244: '=': conversion from 'int' to 'float', possible loss of data
d:\users\ahubb\sourcetreerepos\assigment4\assigment 3\gameai\pathfinding\game\component steering sdl\flocksteering.h(59): warning C4305: 'initializing': truncation from 'double' to 'float'
d:\users\ahubb\sourcetreerepos\assigment4\assigment 3\gameai\pathfinding\game\component steering sdl\flocksteering.h(61): warning C4305: 'initializing': truncation from 'double' to 'float'
d:\users\ahubb\sourcetreerepos\assigment4\assigment 3\gameai\pathfinding\game\component steering sdl\flocksteering.h(62): warning C4305: 'initializing': truncation from 'double' to 'float'
  Font.cpp
  FlockSteering.cpp
d:\users\ahubb\sourcetreerepos\assigment4\assigment 3\gameai\pathfinding\game\component steering sdl\seperation.h(11): warning C4244: 'return': conversion from 'float' to 'int', possible loss of data
d:\users\ahubb\sourcetreerepos\assigment4\assigment 3\gameai\pathfinding\game\component steering sdl\seperation.h(12): warning C4244: '=': conversion from 'int' to 'float', possible loss of data
d:\users\ahubb\sourcetreerepos\assigment4\assigment 3\gameai\pathfinding\game\component steering sdl\cohesion.h(12): warning C4244: 'return': conversion from 'float' to 'int', possible loss of data
d:\users\ahubb\sourcetreerepos\assigment4\assigment 3\gameai\pathfinding\game\component steering sdl\cohesion.h(13): warning C4244: '=': conversion from 'int' to 'float', possible loss of data
d:\users\ahubb\sourcetreerepos\assigment4\assigment 3\gameai\pathfinding\game\component steering sdl\flocksteering.h(59): warning C4305: 'initializing': truncation from 'double' to 'float'
d:\users\ahubb\sourcetreerepos\assigment4\assigment 3\gameai\pathfinding\game\component steering sdl\flocksteering.h(61): warning C4305: 'initializing': truncation from 'double' to 'float'
d:\users\ahubb\sourcetreerepos\assigment4\assigment 3\gameai\pathfinding\game\component steering sdl\flocksteering.h(62): warning C4305: 'initializing': truncation from 'double' to 'float'
d:\users\ahubb\sourcetreerepos\assigment4\assigment 3\gameai\pathfinding\game\component steering sdl\flocksteering.cpp(9): warning C4305: 'initializing': truncation from 'double' to 'float'
d:\users\ahubb\sourcetreerepos\assigment4\assigment 3\gameai\pathfinding\game\component steering sdl\flocksteering.cpp(50): warning C4010: single-line comment contains line-continuation character
  FaceSteering.cpp
d:\users\ahubb\sourcetreerepos\assigment4\assigment 3\gameai\pathfinding\game\component steering sdl\facesteering.cpp(9): warning C4305: 'initializing': truncation from 'double' to 'float'
d:\users\ahubb\sourcetreerepos\assigment4\assigment 3\gameai\pathfinding\game\component steering sdl\facesteering.cpp(32): warning C4244: 'initializing': conversion from 'double' to 'float', possible loss of data
d:\users\ahubb\sourcetreerepos\assigment4\assigment 3\gameai\pathfinding\game\component steering sdl\facesteering.cpp(39): warning C4244: 'initializing': conversion from 'double' to 'float', possible loss of data
d:\users\ahubb\sourcetreerepos\assigment4\assigment 3\gameai\pathfinding\game\component steering sdl\facesteering.cpp(42): warning C4552: '-': operator has no effect; expected operator with side-effect
d:\users\ahubb\sourcetreerepos\assigment4\assigment 3\gameai\pathfinding\game\component steering sdl\facesteering.cpp(47): warning C4552: '+': operator has no effect; expected operator with side-effect
d:\users\ahubb\sourcetreerepos\assigment4\assigment 3\gameai\pathfinding\game\component steering sdl\facesteering.cpp(77): warning C4305: '/=': truncation from 'double' to 'float'
  ExitGameMessage.cpp
  DeleteRandomUnitMessage.cpp
  ComponentManager.cpp
  Component.cpp
  Color.cpp
  Cohesion.cpp
d:\users\ahubb\sourcetreerepos\assigment4\assigment 3\gameai\pathfinding\game\component steering sdl\cohesion.h(12): warning C4244: 'return': conversion from 'float' to 'int', possible loss of data
d:\users\ahubb\sourcetreerepos\assigment4\assigment 3\gameai\pathfinding\game\component steering sdl\cohesion.h(13): warning C4244: '=': conversion from 'int' to 'float', possible loss of data
  ArriveAndFace.cpp
  AllignSteering.cpp
d:\users\ahubb\sourcetreerepos\assigment4\assigment 3\gameai\pathfinding\game\component steering sdl\allignsteering.cpp(55): warning C4244: 'argument': conversion from 'int' to 'float', possible loss of data
d:\users\ahubb\sourcetreerepos\assigment4\assigment 3\gameai\pathfinding\game\component steering sdl\allignsteering.cpp(17): warning C4101: 'temp': unreferenced local variable
  Generating Code...
  steering.vcxproj -> D:\Users\ahubb\SourceTreeRepos\Assigment4\Assigment 3\GameAI\pathfinding\game\Debug\steering.exe
